[ 2023-01-15 12:35:08,117 ] 16 root - INFO ->>>>>>>>>>>>>>>>>>>>>>>>>>>>>>>>>>>>>>>> Data Ingestion <<<<<<<<<<<<<<<<<<<<<<<<<<<<<<<<<<<<<<<<
[ 2023-01-15 12:35:08,117 ] 24 root - INFO -Exporting collection data as pandas dataframe
[ 2023-01-15 12:35:08,117 ] 19 root - INFO -Reading data from database: aps and collection: sensor
[ 2023-01-15 12:35:10,299 ] 21 root - INFO -Found columns: Index(['_id', 'class', 'aa_000', 'ab_000', 'ac_000', 'ad_000', 'ae_000',
       'af_000', 'ag_000', 'ag_001',
       ...
       'ee_002', 'ee_003', 'ee_004', 'ee_005', 'ee_006', 'ee_007', 'ee_008',
       'ee_009', 'ef_000', 'eg_000'],
      dtype='object', length=172)
[ 2023-01-15 12:35:10,302 ] 23 root - INFO -Dropping column: _id 
[ 2023-01-15 12:35:11,854 ] 26 root - INFO -Row and columns in df: (36188, 171)
[ 2023-01-15 12:35:11,854 ] 30 root - INFO -Save data in feature store
[ 2023-01-15 12:35:12,142 ] 35 root - INFO -Create feature store folder if not available
[ 2023-01-15 12:35:12,145 ] 41 root - INFO -Save df to feature store folder
[ 2023-01-15 12:35:13,431 ] 45 root - INFO -Train test split
[ 2023-01-15 12:35:15,024 ] 58 root - INFO -logging artifact
[ 2023-01-15 12:35:15,024 ] 64 root - INFO -Data ingestion artifact: DataIngestionArtifact(feature_store_file_path='/home/rajan/python/APS_Fault_Detection/artifact/01152023__123508/data_ingestion/feature_store/sensor.csv', train_file_path='/home/rajan/python/APS_Fault_Detection/artifact/01152023__123508/data_ingestion/dataset/train.csv', test_file_path='/home/rajan/python/APS_Fault_Detection/artifact/01152023__123508/data_ingestion/dataset/test.csv')
[ 2023-01-15 12:35:15,349 ] 16 root - INFO ->>>>>>>>>>>>>>>>>>>>>>>>>>>>>>>>>>>>>>>> Data Validation started <<<<<<<<<<<<<<<<<<<<<<<<<<<<<<<<<<<<<<<<
[ 2023-01-15 12:35:15,349 ] 101 root - INFO -Reading base dataframe
[ 2023-01-15 12:35:17,037 ] 36 root - INFO -dropping missing values columns
[ 2023-01-15 12:35:17,461 ] 39 root - INFO -selecting the columns which contains more than 0.7  null values
[ 2023-01-15 12:35:17,787 ] 36 root - INFO -dropping missing values columns
[ 2023-01-15 12:35:17,795 ] 39 root - INFO -selecting the columns which contains more than 0.7  null values
[ 2023-01-15 12:35:17,804 ] 113 root - INFO -checking drop missing column in train file path
[ 2023-01-15 12:35:17,879 ] 36 root - INFO -dropping missing values columns
[ 2023-01-15 12:35:17,884 ] 39 root - INFO -selecting the columns which contains more than 0.7  null values
[ 2023-01-15 12:35:17,887 ] 131 root - INFO -writing the yaml file
